<?xml version="1.0" ?>
<!DOCTYPE coverage SYSTEM "http://cobertura.sourceforge.net/xml/coverage-04.dtd">
<coverage lines-valid="385" lines-covered="328" line-rate="0.8519" branches-valid="267" branches-covered="197" branch-rate="0.7378" timestamp="1779956243765" complexity="0" version="0.1">
  <sources>
    <source>D:/GitHub/farmer-helper/frontend</source>
  </sources>
  <packages>
    <package name="src" line-rate="0.9062" branch-rate="0.7903">
      <classes>
        <class name="App.tsx" filename="src\App.tsx" line-rate="0.9062" branch-rate="0.7903">
          <methods>
            <method name="isRecord" hits="2" signature="()V">
              <lines>
                <line number="22" hits="2"/>
              </lines>
            </method>
            <method name="readStoredThemeMode" hits="11" signature="()V">
              <lines>
                <line number="26" hits="11"/>
              </lines>
            </method>
            <method name="readStoredSession" hits="11" signature="()V">
              <lines>
                <line number="35" hits="11"/>
              </lines>
            </method>
            <method name="authErrorMessage" hits="1" signature="()V">
              <lines>
                <line number="83" hits="1"/>
              </lines>
            </method>
            <method name="App" hits="134" signature="()V">
              <lines>
                <line number="91" hits="134"/>
              </lines>
            </method>
            <method name="(anonymous_5)" hits="11" signature="()V">
              <lines>
                <line number="92" hits="11"/>
              </lines>
            </method>
            <method name="(anonymous_6)" hits="11" signature="()V">
              <lines>
                <line number="94" hits="11"/>
              </lines>
            </method>
            <method name="(anonymous_7)" hits="20" signature="()V">
              <lines>
                <line number="102" hits="20"/>
              </lines>
            </method>
            <method name="(anonymous_8)" hits="14" signature="()V">
              <lines>
                <line number="107" hits="14"/>
              </lines>
            </method>
            <method name="(anonymous_9)" hits="12" signature="()V">
              <lines>
                <line number="112" hits="12"/>
              </lines>
            </method>
            <method name="(anonymous_10)" hits="20" signature="()V">
              <lines>
                <line number="117" hits="20"/>
              </lines>
            </method>
            <method name="(anonymous_11)" hits="11" signature="()V">
              <lines>
                <line number="125" hits="11"/>
              </lines>
            </method>
            <method name="(anonymous_12)" hits="1" signature="()V">
              <lines>
                <line number="132" hits="1"/>
              </lines>
            </method>
            <method name="(anonymous_13)" hits="1" signature="()V">
              <lines>
                <line number="143" hits="1"/>
              </lines>
            </method>
            <method name="(anonymous_14)" hits="1" signature="()V">
              <lines>
                <line number="166" hits="1"/>
              </lines>
            </method>
            <method name="(anonymous_15)" hits="1" signature="()V">
              <lines>
                <line number="171" hits="1"/>
              </lines>
            </method>
            <method name="(anonymous_16)" hits="1" signature="()V">
              <lines>
                <line number="172" hits="1"/>
              </lines>
            </method>
            <method name="(anonymous_17)" hits="8" signature="()V">
              <lines>
                <line number="175" hits="8"/>
              </lines>
            </method>
            <method name="(anonymous_18)" hits="7" signature="()V">
              <lines>
                <line number="186" hits="7"/>
              </lines>
            </method>
            <method name="(anonymous_19)" hits="1" signature="()V">
              <lines>
                <line number="203" hits="1"/>
              </lines>
            </method>
          </methods>
          <lines>
            <line number="9" hits="1" branch="false"/>
            <line number="10" hits="1" branch="false"/>
            <line number="23" hits="2" branch="true" condition-coverage="100% (3/3)"/>
            <line number="27" hits="11" branch="true" condition-coverage="50% (1/2)"/>
            <line number="28" hits="0" branch="false"/>
            <line number="31" hits="11" branch="false"/>
            <line number="32" hits="11" branch="true" condition-coverage="75% (3/4)"/>
            <line number="36" hits="11" branch="true" condition-coverage="50% (1/2)"/>
            <line number="37" hits="0" branch="false"/>
            <line number="40" hits="11" branch="false"/>
            <line number="41" hits="11" branch="true" condition-coverage="100% (2/2)"/>
            <line number="42" hits="10" branch="false"/>
            <line number="45" hits="1" branch="false"/>
            <line number="46" hits="1" branch="false"/>
            <line number="47" hits="1" branch="true" condition-coverage="50% (1/2)"/>
            <line number="48" hits="0" branch="false"/>
            <line number="51" hits="1" branch="false"/>
            <line number="52" hits="1" branch="false"/>
            <line number="53" hits="1" branch="false"/>
            <line number="54" hits="1" branch="true" condition-coverage="80% (4/5)"/>
            <line number="55" hits="0" branch="false"/>
            <line number="58" hits="1" branch="false"/>
            <line number="59" hits="1" branch="false"/>
            <line number="60" hits="1" branch="false"/>
            <line number="61" hits="1" branch="true" condition-coverage="50% (1/2)"/>
            <line number="66" hits="0" branch="false"/>
            <line number="69" hits="1" branch="false"/>
            <line number="79" hits="0" branch="false"/>
            <line number="84" hits="1" branch="true" condition-coverage="50% (1/2)"/>
            <line number="85" hits="1" branch="false"/>
            <line number="88" hits="0" branch="false"/>
            <line number="92" hits="134" branch="false"/>
            <line number="93" hits="134" branch="false"/>
            <line number="94" hits="134" branch="false"/>
            <line number="95" hits="134" branch="false"/>
            <line number="96" hits="134" branch="false"/>
            <line number="97" hits="134" branch="false"/>
            <line number="98" hits="134" branch="false"/>
            <line number="99" hits="134" branch="false"/>
            <line number="101" hits="134" branch="true" condition-coverage="100% (2/2)"/>
            <line number="102" hits="134" branch="false"/>
            <line number="104" hits="20" branch="true" condition-coverage="100% (2/2)"/>
            <line number="107" hits="14" branch="true" condition-coverage="100% (2/2)"/>
            <line number="112" hits="134" branch="false"/>
            <line number="113" hits="12" branch="false"/>
            <line number="114" hits="12" branch="false"/>
            <line number="117" hits="134" branch="false"/>
            <line number="118" hits="20" branch="true" condition-coverage="100% (2/2)"/>
            <line number="119" hits="9" branch="false"/>
            <line number="121" hits="11" branch="false"/>
            <line number="125" hits="134" branch="false"/>
            <line number="126" hits="11" branch="true" condition-coverage="100% (2/2)"/>
            <line number="127" hits="10" branch="false"/>
            <line number="130" hits="1" branch="false"/>
            <line number="132" hits="1" branch="false"/>
            <line number="133" hits="1" branch="false"/>
            <line number="134" hits="1" branch="true" condition-coverage="100% (2/2)"/>
            <line number="138" hits="1" branch="false"/>
            <line number="140" hits="1" branch="true" condition-coverage="100% (2/2)"/>
            <line number="143" hits="1" branch="false"/>
            <line number="145" hits="1" branch="false"/>
            <line number="146" hits="1" branch="true" condition-coverage="50% (1/2)"/>
            <line number="147" hits="1" branch="false"/>
            <line number="154" hits="0" branch="true" condition-coverage="0% (0/2)"/>
            <line number="155" hits="0" branch="false"/>
            <line number="158" hits="1" branch="true" condition-coverage="50% (1/2)"/>
            <line number="159" hits="1" branch="false"/>
            <line number="164" hits="1" branch="false"/>
            <line number="166" hits="1" branch="false"/>
            <line number="167" hits="1" branch="false"/>
            <line number="171" hits="134" branch="false"/>
            <line number="172" hits="1" branch="true" condition-coverage="50% (1/2)"/>
            <line number="175" hits="134" branch="false"/>
            <line number="176" hits="8" branch="false"/>
            <line number="177" hits="8" branch="false"/>
            <line number="178" hits="8" branch="false"/>
            <line number="180" hits="8" branch="false"/>
            <line number="181" hits="8" branch="false"/>
            <line number="183" hits="7" branch="true" condition-coverage="100% (2/2)"/>
            <line number="186" hits="7" branch="false"/>
            <line number="188" hits="8" branch="false"/>
            <line number="189" hits="7" branch="false"/>
            <line number="194" hits="7" branch="false"/>
            <line number="196" hits="1" branch="false"/>
            <line number="197" hits="1" branch="false"/>
            <line number="199" hits="8" branch="false"/>
            <line number="203" hits="134" branch="false"/>
            <line number="204" hits="1" branch="false"/>
            <line number="205" hits="1" branch="true" condition-coverage="50% (1/2)"/>
            <line number="206" hits="1" branch="false"/>
            <line number="207" hits="1" branch="false"/>
            <line number="213" hits="1" branch="false"/>
            <line number="214" hits="1" branch="false"/>
            <line number="215" hits="1" branch="false"/>
            <line number="216" hits="1" branch="false"/>
            <line number="219" hits="134" branch="false"/>
          </lines>
        </class>
      </classes>
    </package>
    <package name="src.ai" line-rate="0.7428" branch-rate="0.5405">
      <classes>
        <class name="answerTransport.ts" filename="src\ai\answerTransport.ts" line-rate="0.7428" branch-rate="0.5405">
          <methods>
            <method name="normalizeBaseUrl" hits="5" signature="()V">
              <lines>
                <line number="12" hits="5"/>
              </lines>
            </method>
            <method name="isRecord" hits="2" signature="()V">
              <lines>
                <line number="16" hits="2"/>
              </lines>
            </method>
            <method name="parseJson" hits="2" signature="()V">
              <lines>
                <line number="20" hits="2"/>
              </lines>
            </method>
            <method name="detailMessage" hits="1" signature="()V">
              <lines>
                <line number="33" hits="1"/>
              </lines>
            </method>
            <method name="answerText" hits="1" signature="()V">
              <lines>
                <line number="45" hits="1"/>
              </lines>
            </method>
            <method name="messageText" hits="2" signature="()V">
              <lines>
                <line number="61" hits="2"/>
              </lines>
            </method>
            <method name="(anonymous_6)" hits="2" signature="()V">
              <lines>
                <line number="63" hits="2"/>
              </lines>
            </method>
            <method name="(anonymous_7)" hits="2" signature="()V">
              <lines>
                <line number="64" hits="2"/>
              </lines>
            </method>
            <method name="getLatestUserQuestion" hits="2" signature="()V">
              <lines>
                <line number="69" hits="2"/>
              </lines>
            </method>
            <method name="(anonymous_9)" hits="2" signature="()V">
              <lines>
                <line number="70" hits="2"/>
              </lines>
            </method>
            <method name="createAnswerChatTransport" hits="5" signature="()V">
              <lines>
                <line number="74" hits="5"/>
              </lines>
            </method>
            <method name="(anonymous_11)" hits="2" signature="()V">
              <lines>
                <line number="84" hits="2"/>
              </lines>
            </method>
            <method name="(anonymous_12)" hits="2" signature="()V">
              <lines>
                <line number="99" hits="2"/>
              </lines>
            </method>
          </methods>
          <lines>
            <line number="13" hits="5" branch="true" condition-coverage="100% (2/2)"/>
            <line number="17" hits="2" branch="true" condition-coverage="100% (3/3)"/>
            <line number="21" hits="2" branch="false"/>
            <line number="22" hits="2" branch="true" condition-coverage="50% (1/2)"/>
            <line number="23" hits="0" branch="false"/>
            <line number="26" hits="2" branch="false"/>
            <line number="27" hits="2" branch="false"/>
            <line number="29" hits="0" branch="false"/>
            <line number="34" hits="1" branch="true" condition-coverage="50% (1/2)"/>
            <line number="35" hits="0" branch="false"/>
            <line number="38" hits="1" branch="true" condition-coverage="75% (3/4)"/>
            <line number="39" hits="1" branch="false"/>
            <line number="42" hits="0" branch="false"/>
            <line number="46" hits="1" branch="true" condition-coverage="75% (3/4)"/>
            <line number="47" hits="1" branch="false"/>
            <line number="50" hits="0" branch="true" condition-coverage="0% (0/4)"/>
            <line number="51" hits="0" branch="false"/>
            <line number="54" hits="0" branch="true" condition-coverage="0% (0/4)"/>
            <line number="55" hits="0" branch="false"/>
            <line number="58" hits="0" branch="false"/>
            <line number="62" hits="2" branch="false"/>
            <line number="63" hits="2" branch="false"/>
            <line number="64" hits="2" branch="false"/>
            <line number="70" hits="2" branch="false"/>
            <line number="71" hits="2" branch="true" condition-coverage="50% (1/2)"/>
            <line number="80" hits="5" branch="false"/>
            <line number="82" hits="5" branch="false"/>
            <line number="85" hits="2" branch="false"/>
            <line number="86" hits="2" branch="false"/>
            <line number="100" hits="2" branch="false"/>
            <line number="101" hits="2" branch="false"/>
            <line number="103" hits="2" branch="true" condition-coverage="100% (2/2)"/>
            <line number="104" hits="1" branch="true" condition-coverage="50% (1/2)"/>
            <line number="105" hits="1" branch="true" condition-coverage="33.33333333333333% (1/3)"/>
            <line number="108" hits="1" branch="false"/>
          </lines>
        </class>
      </classes>
    </package>
    <package name="src.api" line-rate="0.8726999999999999" branch-rate="0.8371999999999999">
      <classes>
        <class name="client.ts" filename="src\api\client.ts" line-rate="0.8726999999999999" branch-rate="0.8371999999999999">
          <methods>
            <method name="(anonymous_0)" hits="2" signature="()V">
              <lines>
                <line number="116" hits="2"/>
              </lines>
            </method>
            <method name="normalizeBaseUrl" hits="33" signature="()V">
              <lines>
                <line number="125" hits="33"/>
              </lines>
            </method>
            <method name="isRecord" hits="6" signature="()V">
              <lines>
                <line number="129" hits="6"/>
              </lines>
            </method>
            <method name="detailMessage" hits="2" signature="()V">
              <lines>
                <line number="133" hits="2"/>
              </lines>
            </method>
            <method name="detailCode" hits="2" signature="()V">
              <lines>
                <line number="145" hits="2"/>
              </lines>
            </method>
            <method name="parseJson" hits="27" signature="()V">
              <lines>
                <line number="153" hits="27"/>
              </lines>
            </method>
            <method name="createApiClient" hits="33" signature="()V">
              <lines>
                <line number="166" hits="33"/>
              </lines>
            </method>
            <method name="(anonymous_7)" hits="27" signature="()V">
              <lines>
                <line number="170" hits="27"/>
              </lines>
            </method>
            <method name="(anonymous_8)" hits="27" signature="()V">
              <lines>
                <line number="172" hits="27"/>
              </lines>
            </method>
            <method name="(anonymous_9)" hits="10" signature="()V">
              <lines>
                <line number="209" hits="10"/>
              </lines>
            </method>
            <method name="(anonymous_10)" hits="0" signature="()V">
              <lines>
                <line number="214" hits="0"/>
              </lines>
            </method>
            <method name="(anonymous_11)" hits="8" signature="()V">
              <lines>
                <line number="219" hits="8"/>
              </lines>
            </method>
            <method name="(anonymous_12)" hits="1" signature="()V">
              <lines>
                <line number="223" hits="1"/>
              </lines>
            </method>
            <method name="(anonymous_13)" hits="1" signature="()V">
              <lines>
                <line number="228" hits="1"/>
              </lines>
            </method>
            <method name="(anonymous_14)" hits="5" signature="()V">
              <lines>
                <line number="235" hits="5"/>
              </lines>
            </method>
            <method name="(anonymous_15)" hits="2" signature="()V">
              <lines>
                <line number="239" hits="2"/>
              </lines>
            </method>
            <method name="(anonymous_16)" hits="0" signature="()V">
              <lines>
                <line number="251" hits="0"/>
              </lines>
            </method>
          </methods>
          <lines>
            <line number="117" hits="2" branch="false"/>
            <line number="118" hits="2" branch="false"/>
            <line number="119" hits="2" branch="false"/>
            <line number="120" hits="2" branch="false"/>
            <line number="121" hits="2" branch="false"/>
            <line number="126" hits="33" branch="true" condition-coverage="100% (2/2)"/>
            <line number="130" hits="6" branch="true" condition-coverage="100% (3/3)"/>
            <line number="134" hits="2" branch="true" condition-coverage="50% (1/2)"/>
            <line number="135" hits="0" branch="false"/>
            <line number="138" hits="2" branch="true" condition-coverage="75% (3/4)"/>
            <line number="139" hits="2" branch="false"/>
            <line number="142" hits="0" branch="false"/>
            <line number="146" hits="2" branch="true" condition-coverage="75% (3/4)"/>
            <line number="147" hits="2" branch="false"/>
            <line number="150" hits="0" branch="false"/>
            <line number="154" hits="27" branch="false"/>
            <line number="155" hits="27" branch="true" condition-coverage="50% (1/2)"/>
            <line number="156" hits="0" branch="false"/>
            <line number="159" hits="27" branch="false"/>
            <line number="160" hits="27" branch="false"/>
            <line number="162" hits="0" branch="false"/>
            <line number="167" hits="33" branch="false"/>
            <line number="168" hits="33" branch="true" condition-coverage="100% (2/2)"/>
            <line number="170" hits="33" branch="false"/>
            <line number="172" hits="33" branch="true" condition-coverage="100% (1/1)"/>
            <line number="173" hits="27" branch="false"/>
            <line number="174" hits="27" branch="true" condition-coverage="100% (2/2)"/>
            <line number="175" hits="1" branch="false"/>
            <line number="178" hits="27" branch="false"/>
            <line number="179" hits="27" branch="true" condition-coverage="100% (4/4)"/>
            <line number="180" hits="15" branch="false"/>
            <line number="184" hits="27" branch="true" condition-coverage="100% (2/2)"/>
            <line number="185" hits="2" branch="false"/>
            <line number="186" hits="25" branch="true" condition-coverage="100% (2/2)"/>
            <line number="187" hits="12" branch="false"/>
            <line number="188" hits="12" branch="false"/>
            <line number="191" hits="27" branch="false"/>
            <line number="196" hits="27" branch="false"/>
            <line number="198" hits="27" branch="true" condition-coverage="100% (2/2)"/>
            <line number="199" hits="2" branch="true" condition-coverage="50% (1/2)"/>
            <line number="200" hits="2" branch="true" condition-coverage="33.33333333333333% (1/3)"/>
            <line number="201" hits="2" branch="false"/>
            <line number="204" hits="25" branch="false"/>
            <line number="207" hits="33" branch="false"/>
            <line number="210" hits="10" branch="false"/>
            <line number="215" hits="0" branch="false"/>
            <line number="220" hits="8" branch="false"/>
            <line number="224" hits="1" branch="false"/>
            <line number="229" hits="1" branch="false"/>
            <line number="236" hits="5" branch="false"/>
            <line number="240" hits="2" branch="false"/>
            <line number="241" hits="2" branch="false"/>
            <line number="242" hits="2" branch="false"/>
            <line number="243" hits="2" branch="false"/>
            <line number="252" hits="0" branch="false"/>
          </lines>
        </class>
      </classes>
    </package>
    <package name="src.components" line-rate="0.8391" branch-rate="0.736">
      <classes>
        <class name="AdminDashboard.tsx" filename="src\components\AdminDashboard.tsx" line-rate="0.8478" branch-rate="0.6779000000000001">
          <methods>
            <method name="errorMessage" hits="0" signature="()V">
              <lines>
                <line number="20" hits="0"/>
              </lines>
            </method>
            <method name="normalizeBaseUrl" hits="1" signature="()V">
              <lines>
                <line number="32" hits="1"/>
              </lines>
            </method>
            <method name="AdminDashboard" hits="46" signature="()V">
              <lines>
                <line number="41" hits="46"/>
              </lines>
            </method>
            <method name="(anonymous_3)" hits="4" signature="()V">
              <lines>
                <line number="54" hits="4"/>
              </lines>
            </method>
            <method name="(anonymous_4)" hits="1" signature="()V">
              <lines>
                <line number="59" hits="1"/>
              </lines>
            </method>
            <method name="(anonymous_5)" hits="3" signature="()V">
              <lines>
                <line number="69" hits="3"/>
              </lines>
            </method>
            <method name="(anonymous_6)" hits="3" signature="()V">
              <lines>
                <line number="73" hits="3"/>
              </lines>
            </method>
            <method name="(anonymous_7)" hits="0" signature="()V">
              <lines>
                <line number="78" hits="0"/>
              </lines>
            </method>
            <method name="(anonymous_8)" hits="3" signature="()V">
              <lines>
                <line number="84" hits="3"/>
              </lines>
            </method>
            <method name="(anonymous_9)" hits="1" signature="()V">
              <lines>
                <line number="89" hits="1"/>
              </lines>
            </method>
            <method name="(anonymous_10)" hits="1" signature="()V">
              <lines>
                <line number="95" hits="1"/>
              </lines>
            </method>
            <method name="(anonymous_11)" hits="1" signature="()V">
              <lines>
                <line number="150" hits="1"/>
              </lines>
            </method>
            <method name="(anonymous_12)" hits="3" signature="()V">
              <lines>
                <line number="154" hits="3"/>
              </lines>
            </method>
            <method name="(anonymous_13)" hits="1" signature="()V">
              <lines>
                <line number="178" hits="1"/>
              </lines>
            </method>
            <method name="AdminMetricsView" hits="46" signature="()V">
              <lines>
                <line number="204" hits="46"/>
              </lines>
            </method>
            <method name="MetricsLoading" hits="3" signature="()V">
              <lines>
                <line number="216" hits="3"/>
              </lines>
            </method>
            <method name="MetricsError" hits="0" signature="()V">
              <lines>
                <line number="228" hits="0"/>
              </lines>
            </method>
            <method name="AdminRagStreamingPanel" hits="46" signature="()V">
              <lines>
                <line number="246" hits="46"/>
              </lines>
            </method>
            <method name="(anonymous_18)" hits="37" signature="()V">
              <lines>
                <line number="265" hits="37"/>
              </lines>
            </method>
            <method name="(anonymous_19)" hits="3" signature="()V">
              <lines>
                <line number="293" hits="3"/>
              </lines>
            </method>
          </methods>
          <lines>
            <line number="21" hits="0" branch="true" condition-coverage="0% (0/2)"/>
            <line number="22" hits="0" branch="false"/>
            <line number="25" hits="0" branch="true" condition-coverage="0% (0/2)"/>
            <line number="26" hits="0" branch="false"/>
            <line number="29" hits="0" branch="false"/>
            <line number="33" hits="1" branch="true" condition-coverage="100% (2/2)"/>
            <line number="47" hits="46" branch="false"/>
            <line number="48" hits="46" branch="false"/>
            <line number="49" hits="46" branch="false"/>
            <line number="50" hits="46" branch="false"/>
            <line number="51" hits="46" branch="false"/>
            <line number="52" hits="46" branch="false"/>
            <line number="54" hits="46" branch="false"/>
            <line number="55" hits="4" branch="false"/>
            <line number="59" hits="46" branch="false"/>
            <line number="60" hits="1" branch="false"/>
            <line number="61" hits="1" branch="false"/>
            <line number="62" hits="1" branch="false"/>
            <line number="63" hits="1" branch="false"/>
            <line number="65" hits="0" branch="false"/>
            <line number="69" hits="46" branch="false"/>
            <line number="70" hits="3" branch="false"/>
            <line number="72" hits="3" branch="false"/>
            <line number="74" hits="3" branch="true" condition-coverage="50% (1/2)"/>
            <line number="75" hits="3" branch="false"/>
            <line number="79" hits="0" branch="true" condition-coverage="0% (0/2)"/>
            <line number="80" hits="0" branch="false"/>
            <line number="84" hits="3" branch="false"/>
            <line number="85" hits="3" branch="false"/>
            <line number="89" hits="46" branch="false"/>
            <line number="90" hits="1" branch="false"/>
            <line number="91" hits="1" branch="false"/>
            <line number="92" hits="1" branch="false"/>
            <line number="95" hits="46" branch="false"/>
            <line number="96" hits="1" branch="false"/>
            <line number="97" hits="1" branch="true" condition-coverage="75% (3/4)"/>
            <line number="98" hits="0" branch="false"/>
            <line number="101" hits="1" branch="false"/>
            <line number="102" hits="1" branch="false"/>
            <line number="103" hits="1" branch="false"/>
            <line number="104" hits="1" branch="false"/>
            <line number="106" hits="1" branch="false"/>
            <line number="107" hits="1" branch="false"/>
            <line number="108" hits="1" branch="true" condition-coverage="50% (1/2)"/>
            <line number="109" hits="1" branch="false"/>
            <line number="112" hits="1" branch="false"/>
            <line number="121" hits="1" branch="true" condition-coverage="75% (3/4)"/>
            <line number="122" hits="0" branch="false"/>
            <line number="125" hits="1" branch="false"/>
            <line number="126" hits="1" branch="false"/>
            <line number="127" hits="1" branch="false"/>
            <line number="129" hits="1" branch="false"/>
            <line number="130" hits="2" branch="false"/>
            <line number="131" hits="2" branch="true" condition-coverage="100% (2/2)"/>
            <line number="132" hits="1" branch="false"/>
            <line number="135" hits="1" branch="false"/>
            <line number="136" hits="1" branch="false"/>
            <line number="137" hits="1" branch="true" condition-coverage="50% (1/2)"/>
            <line number="139" hits="2" branch="false"/>
            <line number="140" hits="3" branch="false"/>
            <line number="141" hits="3" branch="true" condition-coverage="50% (1/2)"/>
            <line number="142" hits="0" branch="false"/>
            <line number="145" hits="3" branch="false"/>
            <line number="146" hits="3" branch="true" condition-coverage="50% (1/2)"/>
            <line number="147" hits="3" branch="true" condition-coverage="100% (2/2)"/>
            <line number="148" hits="1" branch="true" condition-coverage="50% (1/2)"/>
            <line number="149" hits="1" branch="true" condition-coverage="50% (1/2)"/>
            <line number="150" hits="1" branch="true" condition-coverage="50% (1/2)"/>
            <line number="154" hits="3" branch="false"/>
            <line number="155" hits="3" branch="true" condition-coverage="100% (2/2)"/>
            <line number="156" hits="3" branch="false"/>
            <line number="159" hits="3" branch="true" condition-coverage="100% (2/2)"/>
            <line number="160" hits="1" branch="false"/>
            <line number="161" hits="1" branch="true" condition-coverage="50% (1/2)"/>
            <line number="166" hits="1" branch="false"/>
            <line number="172" hits="0" branch="false"/>
            <line number="174" hits="1" branch="false"/>
            <line number="178" hits="46" branch="false"/>
            <line number="179" hits="1" branch="false"/>
            <line number="180" hits="1" branch="false"/>
            <line number="183" hits="46" branch="false"/>
            <line number="205" hits="46" branch="true" condition-coverage="100% (2/2)"/>
            <line number="206" hits="3" branch="false"/>
            <line number="209" hits="43" branch="true" condition-coverage="50% (1/2)"/>
            <line number="210" hits="0" branch="false"/>
            <line number="213" hits="43" branch="false"/>
            <line number="217" hits="3" branch="false"/>
            <line number="229" hits="0" branch="false"/>
            <line number="255" hits="46" branch="true" condition-coverage="100% (2/2)"/>
            <line number="257" hits="46" branch="false"/>
            <line number="265" hits="37" branch="false"/>
            <line number="294" hits="3" branch="false"/>
          </lines>
        </class>
        <class name="AppHeader.tsx" filename="src\components\AppHeader.tsx" line-rate="1" branch-rate="1">
          <methods>
            <method name="AppHeader" hits="134" signature="()V">
              <lines>
                <line number="12" hits="134"/>
              </lines>
            </method>
            <method name="ThemeToggle" hits="134" signature="()V">
              <lines>
                <line number="34" hits="134"/>
              </lines>
            </method>
            <method name="SignOutButton" hits="9" signature="()V">
              <lines>
                <line number="55" hits="9"/>
              </lines>
            </method>
          </methods>
          <lines>
            <line number="13" hits="134" branch="false"/>
            <line number="35" hits="134" branch="false"/>
            <line number="36" hits="134" branch="true" condition-coverage="100% (2/2)"/>
            <line number="38" hits="134" branch="false"/>
            <line number="56" hits="9" branch="false"/>
          </lines>
        </class>
        <class name="AuthPanel.tsx" filename="src\components\AuthPanel.tsx" line-rate="1" branch-rate="1">
          <methods>
            <method name="AuthPanel" hits="125" signature="()V">
              <lines>
                <line number="16" hits="125"/>
              </lines>
            </method>
            <method name="(anonymous_1)" hits="60" signature="()V">
              <lines>
                <line number="34" hits="60"/>
              </lines>
            </method>
            <method name="(anonymous_2)" hits="44" signature="()V">
              <lines>
                <line number="45" hits="44"/>
              </lines>
            </method>
            <method name="AuthErrorMessage" hits="1" signature="()V">
              <lines>
                <line number="66" hits="1"/>
              </lines>
            </method>
            <method name="ContinueLabel" hits="117" signature="()V">
              <lines>
                <line number="74" hits="117"/>
              </lines>
            </method>
            <method name="SubmittingLabel" hits="8" signature="()V">
              <lines>
                <line number="78" hits="8"/>
              </lines>
            </method>
          </methods>
          <lines>
            <line number="3" hits="1" branch="false"/>
            <line number="4" hits="1" branch="false"/>
            <line number="25" hits="125" branch="false"/>
            <line number="34" hits="60" branch="false"/>
            <line number="45" hits="44" branch="false"/>
            <line number="67" hits="1" branch="false"/>
            <line number="75" hits="117" branch="false"/>
            <line number="79" hits="8" branch="false"/>
          </lines>
        </class>
        <class name="ChatComposer.tsx" filename="src\components\ChatComposer.tsx" line-rate="1" branch-rate="1">
          <methods>
            <method name="ChatComposer" hits="65" signature="()V">
              <lines>
                <line number="12" hits="65"/>
              </lines>
            </method>
            <method name="(anonymous_1)" hits="51" signature="()V">
              <lines>
                <line number="30" hits="51"/>
              </lines>
            </method>
            <method name="ChatStatusMessage" hits="65" signature="()V">
              <lines>
                <line number="49" hits="65"/>
              </lines>
            </method>
            <method name="AskQuestionLabel" hits="60" signature="()V">
              <lines>
                <line number="61" hits="60"/>
              </lines>
            </method>
            <method name="SubmittingQuestionLabel" hits="5" signature="()V">
              <lines>
                <line number="65" hits="5"/>
              </lines>
            </method>
          </methods>
          <lines>
            <line number="20" hits="65" branch="false"/>
            <line number="30" hits="51" branch="false"/>
            <line number="50" hits="65" branch="true" condition-coverage="100% (2/2)"/>
            <line number="51" hits="5" branch="false"/>
            <line number="54" hits="60" branch="true" condition-coverage="100% (2/2)"/>
            <line number="55" hits="1" branch="false"/>
            <line number="58" hits="59" branch="false"/>
            <line number="62" hits="60" branch="false"/>
            <line number="66" hits="5" branch="false"/>
          </lines>
        </class>
        <class name="GuestExperience.tsx" filename="src\components\GuestExperience.tsx" line-rate="1" branch-rate="1">
          <methods>
            <method name="GuestExperience" hits="125" signature="()V">
              <lines>
                <line number="15" hits="125"/>
              </lines>
            </method>
          </methods>
          <lines>
            <line number="24" hits="125" branch="false"/>
          </lines>
        </class>
        <class name="LandingHero.tsx" filename="src\components\LandingHero.tsx" line-rate="1" branch-rate="1">
          <methods>
            <method name="LandingHero" hits="125" signature="()V">
              <lines>
                <line number="18" hits="125"/>
              </lines>
            </method>
            <method name="(anonymous_1)" hits="375" signature="()V">
              <lines>
                <line number="30" hits="375"/>
              </lines>
            </method>
          </methods>
          <lines>
            <line number="3" hits="1" branch="false"/>
            <line number="19" hits="125" branch="false"/>
            <line number="31" hits="375" branch="false"/>
          </lines>
        </class>
        <class name="MetricGrid.tsx" filename="src\components\MetricGrid.tsx" line-rate="1" branch-rate="1">
          <methods>
            <method name="MetricGrid" hits="43" signature="()V">
              <lines>
                <line number="7" hits="43"/>
              </lines>
            </method>
            <method name="(anonymous_1)" hits="215" signature="()V">
              <lines>
                <line number="10" hits="215"/>
              </lines>
            </method>
          </methods>
          <lines>
            <line number="8" hits="43" branch="false"/>
            <line number="11" hits="215" branch="false"/>
          </lines>
        </class>
        <class name="PdfUploadPanel.tsx" filename="src\components\PdfUploadPanel.tsx" line-rate="0.75" branch-rate="0.6428">
          <methods>
            <method name="uploadErrorMessage" hits="0" signature="()V">
              <lines>
                <line number="16" hits="0"/>
              </lines>
            </method>
            <method name="PdfUploadPanel" hits="59" signature="()V">
              <lines>
                <line number="24" hits="59"/>
              </lines>
            </method>
            <method name="(anonymous_2)" hits="0" signature="()V">
              <lines>
                <line number="30" hits="0"/>
              </lines>
            </method>
            <method name="(anonymous_3)" hits="1" signature="()V">
              <lines>
                <line number="32" hits="1"/>
              </lines>
            </method>
            <method name="(anonymous_4)" hits="1" signature="()V">
              <lines>
                <line number="59" hits="1"/>
              </lines>
            </method>
            <method name="(anonymous_5)" hits="11" signature="()V">
              <lines>
                <line number="66" hits="11"/>
              </lines>
            </method>
            <method name="SelectedFileName" hits="14" signature="()V">
              <lines>
                <line number="95" hits="14"/>
              </lines>
            </method>
            <method name="UploadStateMessage" hits="59" signature="()V">
              <lines>
                <line number="103" hits="59"/>
              </lines>
            </method>
          </methods>
          <lines>
            <line number="17" hits="0" branch="true" condition-coverage="0% (0/2)"/>
            <line number="18" hits="0" branch="false"/>
            <line number="21" hits="0" branch="false"/>
            <line number="25" hits="59" branch="false"/>
            <line number="26" hits="59" branch="false"/>
            <line number="27" hits="59" branch="false"/>
            <line number="28" hits="59" branch="false"/>
            <line number="30" hits="59" branch="false"/>
            <line number="32" hits="59" branch="false"/>
            <line number="33" hits="1" branch="true" condition-coverage="50% (1/2)"/>
            <line number="34" hits="0" branch="false"/>
            <line number="35" hits="0" branch="false"/>
            <line number="38" hits="1" branch="false"/>
            <line number="39" hits="1" branch="false"/>
            <line number="40" hits="1" branch="false"/>
            <line number="41" hits="1" branch="false"/>
            <line number="43" hits="0" branch="false"/>
            <line number="47" hits="59" branch="false"/>
            <line number="59" hits="1" branch="true" condition-coverage="50% (1/2)"/>
            <line number="66" hits="11" branch="false"/>
            <line number="96" hits="14" branch="false"/>
            <line number="104" hits="59" branch="true" condition-coverage="100% (2/2)"/>
            <line number="105" hits="57" branch="false"/>
            <line number="108" hits="2" branch="true" condition-coverage="100% (2/2)"/>
            <line number="109" hits="1" branch="false"/>
            <line number="112" hits="1" branch="true" condition-coverage="50% (1/2)"/>
            <line number="113" hits="0" branch="false"/>
            <line number="116" hits="1" branch="false"/>
          </lines>
        </class>
        <class name="QuestionHistory.tsx" filename="src\components\QuestionHistory.tsx" line-rate="0.8571" branch-rate="1">
          <methods>
            <method name="QuestionHistory" hits="65" signature="()V">
              <lines>
                <line number="9" hits="65"/>
              </lines>
            </method>
            <method name="(anonymous_1)" hits="9" signature="()V">
              <lines>
                <line number="22" hits="9"/>
              </lines>
            </method>
            <method name="(anonymous_2)" hits="0" signature="()V">
              <lines>
                <line number="26" hits="0"/>
              </lines>
            </method>
            <method name="(anonymous_3)" hits="11" signature="()V">
              <lines>
                <line number="39" hits="11"/>
              </lines>
            </method>
            <method name="messageText" hits="11" signature="()V">
              <lines>
                <line number="51" hits="11"/>
              </lines>
            </method>
            <method name="(anonymous_5)" hits="15" signature="()V">
              <lines>
                <line number="53" hits="15"/>
              </lines>
            </method>
            <method name="(anonymous_6)" hits="11" signature="()V">
              <lines>
                <line number="54" hits="11"/>
              </lines>
            </method>
          </methods>
          <lines>
            <line number="10" hits="65" branch="false"/>
            <line number="23" hits="9" branch="false"/>
            <line number="26" hits="0" branch="false"/>
            <line number="40" hits="11" branch="false"/>
            <line number="52" hits="11" branch="false"/>
            <line number="53" hits="15" branch="false"/>
            <line number="54" hits="11" branch="false"/>
          </lines>
        </class>
        <class name="RoleView.tsx" filename="src\components\RoleView.tsx" line-rate="1" branch-rate="0.8332999999999999">
          <methods>
            <method name="RoleView" hits="133" signature="()V">
              <lines>
                <line number="23" hits="133"/>
              </lines>
            </method>
          </methods>
          <lines>
            <line number="37" hits="133" branch="true" condition-coverage="100% (2/2)"/>
            <line number="38" hits="125" branch="false"/>
            <line number="51" hits="8" branch="true" condition-coverage="100% (2/2)"/>
            <line number="52" hits="3" branch="false"/>
            <line number="62" hits="5" branch="false"/>
          </lines>
        </class>
        <class name="UserWorkspace.tsx" filename="src\components\UserWorkspace.tsx" line-rate="0.7434999999999999" branch-rate="0.6363">
          <methods>
            <method name="queryHistoryStorageKey" hits="12" signature="()V">
              <lines>
                <line number="10" hits="12"/>
              </lines>
            </method>
            <method name="loadStoredQuestions" hits="5" signature="()V">
              <lines>
                <line number="14" hits="5"/>
              </lines>
            </method>
            <method name="(anonymous_2)" hits="0" signature="()V">
              <lines>
                <line number="29" hits="0"/>
              </lines>
            </method>
            <method name="UserWorkspace" hits="65" signature="()V">
              <lines>
                <line number="41" hits="65"/>
              </lines>
            </method>
            <method name="(anonymous_4)" hits="5" signature="()V">
              <lines>
                <line number="48" hits="5"/>
              </lines>
            </method>
            <method name="(anonymous_5)" hits="5" signature="()V">
              <lines>
                <line number="49" hits="5"/>
              </lines>
            </method>
            <method name="(anonymous_6)" hits="2" signature="()V">
              <lines>
                <line number="53" hits="2"/>
              </lines>
            </method>
            <method name="(anonymous_7)" hits="7" signature="()V">
              <lines>
                <line number="63" hits="7"/>
              </lines>
            </method>
            <method name="(anonymous_8)" hits="2" signature="()V">
              <lines>
                <line number="73" hits="2"/>
              </lines>
            </method>
            <method name="(anonymous_9)" hits="2" signature="()V">
              <lines>
                <line number="81" hits="2"/>
              </lines>
            </method>
            <method name="(anonymous_10)" hits="0" signature="()V">
              <lines>
                <line number="82" hits="0"/>
              </lines>
            </method>
            <method name="(anonymous_11)" hits="0" signature="()V">
              <lines>
                <line number="89" hits="0"/>
              </lines>
            </method>
          </methods>
          <lines>
            <line number="8" hits="1" branch="false"/>
            <line number="11" hits="12" branch="true" condition-coverage="50% (1/2)"/>
            <line number="15" hits="5" branch="true" condition-coverage="50% (1/2)"/>
            <line number="16" hits="0" branch="false"/>
            <line number="19" hits="5" branch="false"/>
            <line number="20" hits="5" branch="true" condition-coverage="50% (1/2)"/>
            <line number="21" hits="5" branch="false"/>
            <line number="24" hits="0" branch="false"/>
            <line number="25" hits="0" branch="false"/>
            <line number="26" hits="0" branch="true" condition-coverage="0% (0/2)"/>
            <line number="27" hits="0" branch="false"/>
            <line number="29" hits="0" branch="false"/>
            <line number="31" hits="0" branch="false"/>
            <line number="46" hits="65" branch="true" condition-coverage="50% (1/2)"/>
            <line number="47" hits="65" branch="false"/>
            <line number="48" hits="65" branch="false"/>
            <line number="49" hits="65" branch="false"/>
            <line number="53" hits="2" branch="false"/>
            <line number="58" hits="65" branch="false"/>
            <line number="63" hits="65" branch="false"/>
            <line number="64" hits="7" branch="true" condition-coverage="50% (1/2)"/>
            <line number="65" hits="0" branch="false"/>
            <line number="68" hits="7" branch="false"/>
            <line number="70" hits="65" branch="true" condition-coverage="100% (2/2)"/>
            <line number="71" hits="65" branch="true" condition-coverage="100% (2/2)"/>
            <line number="73" hits="65" branch="false"/>
            <line number="74" hits="2" branch="false"/>
            <line number="75" hits="2" branch="false"/>
            <line number="76" hits="2" branch="true" condition-coverage="75% (3/4)"/>
            <line number="77" hits="0" branch="false"/>
            <line number="80" hits="2" branch="false"/>
            <line number="81" hits="2" branch="false"/>
            <line number="82" hits="2" branch="false"/>
            <line number="83" hits="2" branch="false"/>
            <line number="85" hits="2" branch="false"/>
            <line number="86" hits="2" branch="false"/>
            <line number="89" hits="65" branch="false"/>
            <line number="90" hits="0" branch="false"/>
            <line number="93" hits="65" branch="false"/>
          </lines>
        </class>
      </classes>
    </package>
  </packages>
</coverage>
